<?xml version="1.0" encoding="UTF-8"?>
<testsuites>
  <testsuite name="fastlane.lanes">
    
    
    
      
      <testcase classname="fastlane.lanes" name="0: default_platform" time="0.0023834">
        
      </testcase>
    
      
      <testcase classname="fastlane.lanes" name="1: clean assembleRelease" time="32.5163888">
        
          <failure message="C:/Users/Hero/.local/share/gem/ruby/3.4.0/gems/fastlane-2.226.0/fastlane/lib/fastlane/actions/actions_helper.rb:67:in &apos;Fastlane::Actions.execute_action&apos;&#10;C:/Users/Hero/.local/share/gem/ruby/3.4.0/gems/fastlane-2.226.0/fastlane/lib/fastlane/runner.rb:255:in &apos;block in Fastlane::Runner#execute_action&apos;&#10;C:/Users/Hero/.local/share/gem/ruby/3.4.0/gems/fastlane-2.226.0/fastlane/lib/fastlane/runner.rb:229:in &apos;Dir.chdir&apos;&#10;C:/Users/Hero/.local/share/gem/ruby/3.4.0/gems/fastlane-2.226.0/fastlane/lib/fastlane/runner.rb:229:in &apos;Fastlane::Runner#execute_action&apos;&#10;C:/Users/Hero/.local/share/gem/ruby/3.4.0/gems/fastlane-2.226.0/fastlane/lib/fastlane/runner.rb:157:in &apos;Fastlane::Runner#trigger_action_by_name&apos;&#10;C:/Users/Hero/.local/share/gem/ruby/3.4.0/gems/fastlane-2.226.0/fastlane/lib/fastlane/fast_file.rb:159:in &apos;Fastlane::FastFile#method_missing&apos;&#10;Fastfile:35:in &apos;block (2 levels) in Fastlane::FastFile#parsing_binding&apos;&#10;C:/Users/Hero/.local/share/gem/ruby/3.4.0/gems/fastlane-2.226.0/fastlane/lib/fastlane/lane.rb:41:in &apos;Fastlane::Lane#call&apos;&#10;C:/Users/Hero/.local/share/gem/ruby/3.4.0/gems/fastlane-2.226.0/fastlane/lib/fastlane/runner.rb:49:in &apos;block in Fastlane::Runner#execute&apos;&#10;C:/Users/Hero/.local/share/gem/ruby/3.4.0/gems/fastlane-2.226.0/fastlane/lib/fastlane/runner.rb:45:in &apos;Dir.chdir&apos;&#10;C:/Users/Hero/.local/share/gem/ruby/3.4.0/gems/fastlane-2.226.0/fastlane/lib/fastlane/runner.rb:45:in &apos;Fastlane::Runner#execute&apos;&#10;C:/Users/Hero/.local/share/gem/ruby/3.4.0/gems/fastlane-2.226.0/fastlane/lib/fastlane/lane_manager.rb:46:in &apos;Fastlane::LaneManager.cruise_lane&apos;&#10;C:/Users/Hero/.local/share/gem/ruby/3.4.0/gems/fastlane-2.226.0/fastlane/lib/fastlane/command_line_handler.rb:34:in &apos;Fastlane::CommandLineHandler.handle&apos;&#10;C:/Users/Hero/.local/share/gem/ruby/3.4.0/gems/fastlane-2.226.0/fastlane/lib/fastlane/commands_generator.rb:110:in &apos;block (2 levels) in Fastlane::CommandsGenerator#run&apos;&#10;C:/Users/Hero/.local/share/gem/ruby/3.4.0/gems/commander-4.6.0/lib/commander/command.rb:187:in &apos;Commander::Command#call&apos;&#10;C:/Users/Hero/.local/share/gem/ruby/3.4.0/gems/commander-4.6.0/lib/commander/command.rb:157:in &apos;Commander::Command#run&apos;&#10;C:/Users/Hero/.local/share/gem/ruby/3.4.0/gems/commander-4.6.0/lib/commander/runner.rb:444:in &apos;Commander::Runner#run_active_command&apos;&#10;C:/Users/Hero/.local/share/gem/ruby/3.4.0/gems/fastlane-2.226.0/fastlane_core/lib/fastlane_core/ui/fastlane_runner.rb:124:in &apos;Commander::Runner#run!&apos;&#10;C:/Users/Hero/.local/share/gem/ruby/3.4.0/gems/commander-4.6.0/lib/commander/delegates.rb:18:in &apos;Commander::Delegates#run!&apos;&#10;C:/Users/Hero/.local/share/gem/ruby/3.4.0/gems/fastlane-2.226.0/fastlane/lib/fastlane/commands_generator.rb:363:in &apos;Fastlane::CommandsGenerator#run&apos;&#10;C:/Users/Hero/.local/share/gem/ruby/3.4.0/gems/fastlane-2.226.0/fastlane/lib/fastlane/commands_generator.rb:43:in &apos;Fastlane::CommandsGenerator.start&apos;&#10;C:/Users/Hero/.local/share/gem/ruby/3.4.0/gems/fastlane-2.226.0/fastlane/lib/fastlane/cli_tools_distributor.rb:123:in &apos;Fastlane::CLIToolsDistributor.take_off&apos;&#10;C:/Users/Hero/.local/share/gem/ruby/3.4.0/gems/fastlane-2.226.0/bin/fastlane:23:in &apos;&lt;top (required)&gt;&apos;&#10;C:/Users/Hero/AppData/Local/Microsoft/WindowsApps/fastlane:36:in &apos;Kernel#load&apos;&#10;C:/Users/Hero/AppData/Local/Microsoft/WindowsApps/fastlane:36:in &apos;&lt;main&gt;&apos;&#10;&#10;Exit status of command &apos;D:/lyra/nzk/android/gradlew clean assembleRelease -p .&apos; was 1 instead of 0.&#10;&#10;Welcome to Gradle 8.11!&#10;&#10;Here are the highlights of this release:&#10; - Parallel load and store for Configuration Cache&#10; - Java compilation errors at the end of the build output&#10; - Consolidated report for warnings and deprecations&#10;&#10;For more details see https://docs.gradle.org/8.11/release-notes.html&#10;&#10;&gt; Task :gradle:compileJava NO-SOURCE&#10;&gt; Task :gradle:compileGroovy UP-TO-DATE&#10;&gt; Task :gradle:pluginDescriptors UP-TO-DATE&#10;&gt; Task :gradle:processResources UP-TO-DATE&#10;&gt; Task :gradle:classes UP-TO-DATE&#10;&gt; Task :gradle:jar UP-TO-DATE&#10;[Incubating] Problems report is available at: file:///D:/lyra/nzk/android/build/reports/problems/problems-report.html&#10;&#10;FAILURE: Build failed with an exception.&#10;&#10;* Where:&#10;Build file &apos;D:\lyra\nzk\android\app\build.gradle&apos; line: 51&#10;&#10;* What went wrong:&#10;A problem occurred evaluating project &apos;:app&apos;.&#10;&gt; path may not be null or empty string. path=&apos;null&apos;&#10;&#10;* Try:&#10;&gt; Run with --stacktrace option to get the stack trace.&#10;&gt; Run with --info or --debug option to get more log output.&#10;&gt; Run with --scan to get full insights.&#10;&gt; Get more help at https://help.gradle.org.&#10;&#10;Deprecated Gradle features were used in this build, making it incompatible with Gradle 9.0.&#10;&#10;You can use &apos;--warning-mode all&apos; to show the individual deprecation warnings and determine if they come from your own scripts or plugins.&#10;&#10;For more on this, please refer to https://docs.gradle.org/8.11/userguide/command_line_interface.html#sec:command_line_warnings in the Gradle documentation.&#10;&#10;BUILD FAILED in 28s&#10;4 actionable tasks: 4 up-to-date&#10;" />
        
      </testcase>
    
  </testsuite>
</testsuites>
